<?xml version="1.0" encoding="UTF-8"?>
<!-- Generated by org.testng.reporters.JUnitReportReporter -->
<testsuite hostname="Blaze" failures="0" tests="2" name="Maven.Automation.Selenium_Test" time="0.010" errors="0" timestamp="2022-06-13T13:18:42 IST" skipped="0">
  <testcase classname="Maven.Automation.Selenium_Test" name="WebAuto" time="0.008"/>
  <system-out/>
  <testcase classname="Maven.Automation.Selenium_Test" name="WebUI" time="0.002"/>
  <system-out/>
</testsuite> <!-- Maven.Automation.Selenium_Test -->
