<?xml version="1.0" encoding="UTF-8"?>
<!-- Generated by org.testng.reporters.JUnitReportReporter -->
<testsuite hostname="Blaze" failures="0" tests="2" name="Maven.Automation.Selenium_Test" time="0.000" errors="0" timestamp="2022-06-19T13:45:17 IST" skipped="0">
  <testcase classname="Maven.Automation.Selenium_Test" name="WebUI" time="0.000"/>
  <system-out/>
  <testcase classname="Maven.Automation.Selenium_Test" name="WebAuto" time="0.000"/>
  <system-out/>
</testsuite> <!-- Maven.Automation.Selenium_Test -->
