<?xml version="1.0" encoding="UTF-8"?>
<!-- Generated by org.testng.reporters.JUnitReportReporter -->
<testsuite hostname="Blaze" failures="0" tests="2" name="Maven.Automation.RestAPI_Test" time="0.001" errors="0" timestamp="2022-06-19T13:45:17 IST" skipped="0">
  <testcase classname="Maven.Automation.RestAPI_Test" name="deleteTwitter" time="0.000"/>
  <system-out/>
  <testcase classname="Maven.Automation.RestAPI_Test" name="postjira" time="0.001"/>
  <system-out/>
</testsuite> <!-- Maven.Automation.RestAPI_Test -->
