<?xml version="1.0" encoding="UTF-8"?>
<!-- Generated by org.testng.reporters.JUnitReportReporter -->
<testsuite hostname="Blaze" name="Building.framework.Homepage" tests="2" failures="0" timestamp="24 Jun 2022 06:54:22 GMT" time="50.020" errors="0">
  <testcase name="basePageNavigation" time="19.726" classname="Building.framework.Homepage"/>
  <testcase name="basePageNavigation" time="30.294" classname="Building.framework.Homepage"/>
</testsuite> <!-- Building.framework.Homepage -->
