<?xml version="1.0" encoding="UTF-8"?>
<!-- Generated by org.testng.reporters.JUnitReportReporter -->
<testsuite skipped="0" hostname="Blaze" name="testng.Tutorial4" tests="3" failures="0" timestamp="2022-06-23T14:49:02 IST" time="0.004" errors="0">
  <testcase name="Test8logoff" time="0.002" classname="testng.Tutorial4"/>
  <system-out/>
  <testcase name="Test7logoff" time="0.001" classname="testng.Tutorial4"/>
  <system-out/>
  <testcase name="Test9logoff" time="0.001" classname="testng.Tutorial4"/>
  <system-out/>
</testsuite> <!-- testng.Tutorial4 -->
