<?xml version="1.0" encoding="UTF-8"?>
<!-- Generated by org.testng.reporters.JUnitReportReporter -->
<testsuite skipped="2" hostname="Blaze" name="testng.TestNG_5" tests="6" failures="0" timestamp="2022-06-23T14:49:02 IST" time="0.004" errors="0">
  <testcase name="sun" time="0.001" classname="testng.TestNG_5"/>
  <system-out/>
  <testcase name="star" time="0.001" classname="testng.TestNG_5"/>
  <system-out/>
  <testcase name="galaxy" time="0.001" classname="testng.TestNG_5">
    <skipped/>
  </testcase> <!-- galaxy -->
  <system-out/>
  <testcase name="sun" time="0.000" classname="testng.TestNG_5"/>
  <system-out/>
  <testcase name="sun" time="0.001" classname="testng.TestNG_5"/>
  <system-out/>
  <testcase name="moon" classname="testng.TestNG_5">
    <skipped/>
  </testcase> <!-- moon -->
  <system-out/>
</testsuite> <!-- testng.TestNG_5 -->
