<?xml version="1.0" encoding="UTF-8"?>
<!-- Generated by org.testng.reporters.JUnitReportReporter -->
<testsuite skipped="0" hostname="Blaze" name="testng.Tutorial3" tests="3" failures="0" timestamp="2022-06-23T14:49:02 IST" time="0.003" errors="0">
  <testcase name="Test6login" time="0.001" classname="testng.Tutorial3"/>
  <system-out/>
  <testcase name="Test5login" time="0.001" classname="testng.Tutorial3"/>
  <system-out/>
  <testcase name="Test4login" time="0.001" classname="testng.Tutorial3"/>
  <system-out/>
</testsuite> <!-- testng.Tutorial3 -->
