<?xml version="1.0" encoding="UTF-8"?>
<!-- Generated by org.testng.reporters.JUnitReportReporter -->
<testsuite skipped="0" hostname="Blaze" name="testng.TestNG_3" tests="4" failures="0" timestamp="2022-06-23T14:49:02 IST" time="0.004" errors="0">
  <testcase name="a3" time="0.001" classname="testng.TestNG_3"/>
  <system-out/>
  <testcase name="z" time="0.001" classname="testng.TestNG_3"/>
  <system-out/>
  <testcase name="a2" time="0.001" classname="testng.TestNG_3"/>
  <system-out/>
  <testcase name="q" time="0.001" classname="testng.TestNG_3"/>
  <system-out/>
</testsuite> <!-- testng.TestNG_3 -->
