<?xml version="1.0" encoding="UTF-8"?>
<!-- Generated by org.testng.reporters.JUnitReportReporter -->
<testsuite skipped="0" hostname="Blaze" name="testng.Tutorial1" tests="2" failures="0" timestamp="2022-06-23T14:49:01 IST" time="0.003" errors="0">
  <testcase name="Test2" time="0.001" classname="testng.Tutorial1"/>
  <system-out/>
  <testcase name="Test1" time="0.002" classname="testng.Tutorial1"/>
  <system-out/>
</testsuite> <!-- testng.Tutorial1 -->
