<?xml version="1.0" encoding="UTF-8"?>
<!-- Generated by org.testng.reporters.JUnitReportReporter -->
<testsuite skipped="0" hostname="Blaze" name="testng.Tutorial2" tests="1" failures="0" timestamp="2022-06-23T14:49:02 IST" time="0.001" errors="0">
  <testcase name="Test3" time="0.001" classname="testng.Tutorial2"/>
  <system-out/>
</testsuite> <!-- testng.Tutorial2 -->
