<?xml version="1.0" encoding="UTF-8"?>
<!-- Generated by org.testng.reporters.JUnitReportReporter -->
<testsuite skipped="0" hostname="Blaze" name="testng.TestNG_1" tests="2" failures="0" timestamp="2022-06-23T14:49:02 IST" time="0.003" errors="0">
  <testcase name="rat_A" time="0.002" classname="testng.TestNG_1"/>
  <system-out/>
  <testcase name="x" time="0.001" classname="testng.TestNG_1"/>
  <system-out/>
</testsuite> <!-- testng.TestNG_1 -->
