<?xml version="1.0" encoding="UTF-8"?>
<!-- Generated by org.testng.reporters.JUnitReportReporter -->
<testsuite skipped="0" hostname="Blaze" name="testng.TestNG_2" tests="2" failures="0" timestamp="2022-06-23T14:49:02 IST" time="0.010" errors="0">
  <testcase name="a" time="0.008" classname="testng.TestNG_2"/>
  <system-out/>
  <testcase name="j" time="0.002" classname="testng.TestNG_2"/>
  <system-out/>
</testsuite> <!-- testng.TestNG_2 -->
