<?xml version="1.0" encoding="UTF-8"?>
<!-- Generated by org.testng.reporters.JUnitReportReporter -->
<testsuite skipped="0" hostname="Blaze" name="testng.TestNG_4" tests="3" failures="0" timestamp="2022-06-23T14:49:02 IST" time="0.003" errors="0">
  <testcase name="x" time="0.001" classname="testng.TestNG_4"/>
  <system-out/>
  <testcase name="z" time="0.001" classname="testng.TestNG_4"/>
  <system-out/>
  <testcase name="y" time="0.001" classname="testng.TestNG_4"/>
  <system-out/>
</testsuite> <!-- testng.TestNG_4 -->
