<?xml version="1.0" encoding="UTF-8"?>
<!-- Generated by org.testng.reporters.JUnitReportReporter -->
<testsuite skipped="1" hostname="Blaze" name="testng.TestNG_6" tests="4" failures="0" timestamp="2022-06-23T14:49:02 IST" time="0.003" errors="0">
  <testcase name="race1" time="0.001" classname="testng.TestNG_6"/>
  <system-out/>
  <testcase name="race3" time="0.001" classname="testng.TestNG_6"/>
  <system-out/>
  <testcase name="race3" time="0.001" classname="testng.TestNG_6"/>
  <system-out/>
  <testcase name="race2" classname="testng.TestNG_6">
    <skipped/>
  </testcase> <!-- race2 -->
  <system-out/>
</testsuite> <!-- testng.TestNG_6 -->
